<?xml version="1.0" encoding="UTF-8" ?>
<testsuite errors="0" failures="1" hostname="Andrew-Laptop" name="com.bss.calc.CalcAPIJUTest" skipped="0" tests="5" time="0.086" timestamp="2014-07-16T02:36:27">
  <properties>
[...]
</properties>
  <testcase classname="com.bss.calc.CalcAPIJUTest" name="testAddNN" time="0.001" />
  <testcase classname="com.bss.calc.CalcAPIJUTest" name="testAddN" time="0.0" />
  <testcase classname="com.bss.calc.CalcAPIJUTest" name="testAddP" time="0.005">
    <failure message="expected:&lt;10&gt; but was:&lt;111110&gt;" type="junit.framework.AssertionFailedError">junit.framework.AssertionFailedError: expected:&lt;10&gt; but was:&lt;111110&gt;
	at com.bss.calc.CalcAPIJUTest.testAddP(Unknown Source)
</failure>
  </testcase>
  <testcase classname="com.bss.calc.CalcAPIJUTest" name="testDivZeroNew" time="0.0" />
  <testcase classname="com.bss.calc.CalcAPIJUTest" name="testDivZero" time="0.0" />
  <system-out><![CDATA[Pass
]]></system-out>
  <system-err><![CDATA[]]></system-err>
</testsuite>
